TN:
SF:/Users/temp/Documents/vue-norris/src/components/Fact.vue
FN:70,(anonymous_1)
FNF:1
FNH:1
FNDA:4,(anonymous_1)
DA:71,4
DA:72,4
LF:2
LH:2
BRDA:71,0,0,0
BRDA:71,0,1,4
BRF:2
BRH:1
end_of_record
TN:
SF:/Users/temp/Documents/vue-norris/src/components/SearchFact.vue
FN:21,(anonymous_1)
FN:25,(anonymous_2)
FNF:2
FNH:0
FNDA:0,(anonymous_1)
FNDA:0,(anonymous_2)
DA:21,0
DA:26,0
DA:27,0
DA:28,0
DA:29,0
LF:5
LH:0
BRDA:26,0,0,0
BRDA:26,0,1,0
BRF:2
BRH:0
end_of_record
TN:
SF:/Users/temp/Documents/vue-norris/src/components/containers/ContainerFacts.vue
FN:30,(anonymous_1)
FNF:1
FNH:0
FNDA:0,(anonymous_1)
DA:24,0
DA:30,0
LF:2
LH:0
BRF:0
BRH:0
end_of_record
TN:
SF:/Users/temp/Documents/vue-norris/src/components/containers/ContainerLeft.vue
FNF:0
FNH:0
DA:19,0
LF:1
LH:0
BRF:0
BRH:0
end_of_record
